<?xml version="1.0" encoding="UTF-8"?>
<testng-results ignored="0" total="1" passed="1" failed="0" skipped="0">
  <reporter-output>
  </reporter-output>
  <suite started-at="2020-07-05T18:54:11Z" name="Default suite" finished-at="2020-07-05T18:54:11Z" duration-ms="33">
    <groups>
    </groups>
    <test started-at="2020-07-05T18:54:11Z" name="Default test" finished-at="2020-07-05T18:54:11Z" duration-ms="33">
      <class name="ToBeDeleted.ToBeDeletedTestNG">
        <test-method signature="TestSum()[pri:0, instance:ToBeDeleted.ToBeDeletedTestNG@3427b02d]" started-at="2020-07-05T18:54:11Z" name="TestSum" finished-at="2020-07-05T18:54:11Z" duration-ms="10" status="PASS">
          <reporter-output>
          </reporter-output>
        </test-method> <!-- TestSum -->
      </class> <!-- ToBeDeleted.ToBeDeletedTestNG -->
    </test> <!-- Default test -->
  </suite> <!-- Default suite -->
</testng-results>
